[0.604s] DEBUG:colcon:Command line arguments: ['/usr/bin/colcon', 'build', '--packages-select', 'intro_to_ros', '--symlink-install']
[0.604s] DEBUG:colcon:Parsed command line arguments: Namespace(log_base=None, log_level=None, verb_name='build', build_base='build', install_base='install', merge_install=False, symlink_install=True, test_result_base=None, continue_on_error=False, executor='parallel', parallel_workers=4, event_handlers=None, ignore_user_meta=False, metas=['./colcon.meta'], base_paths=['.'], packages_ignore=None, packages_ignore_regex=None, paths=None, packages_up_to=None, packages_up_to_regex=None, packages_above=None, packages_above_and_dependencies=None, packages_above_depth=None, packages_select_by_dep=None, packages_skip_by_dep=None, packages_skip_up_to=None, packages_select_build_failed=False, packages_skip_build_finished=False, packages_select_test_failures=False, packages_skip_test_passed=False, packages_select=['intro_to_ros'], packages_skip=None, packages_select_regex=None, packages_skip_regex=None, packages_start=None, packages_end=None, allow_overriding=[], cmake_args=None, cmake_target=None, cmake_target_skip_unavailable=False, cmake_clean_cache=False, cmake_clean_first=False, cmake_force_configure=False, ament_cmake_args=None, catkin_cmake_args=None, catkin_skip_building_tests=False, mixin_files=None, mixin=None, verb_parser=<colcon_mixin.mixin.mixin_argument.MixinArgumentDecorator object at 0xffffb4ad21e0>, verb_extension=<colcon_core.verb.build.BuildVerb object at 0xffffb4dfb1d0>, main=<bound method BuildVerb.main of <colcon_core.verb.build.BuildVerb object at 0xffffb4dfb1d0>>, mixin_verb=('build',))
[0.864s] Level 1:colcon.colcon_core.package_discovery:discover_packages(colcon_meta) check parameters
[0.865s] Level 1:colcon.colcon_core.package_discovery:discover_packages(recursive) check parameters
[0.865s] Level 1:colcon.colcon_core.package_discovery:discover_packages(ignore) check parameters
[0.865s] Level 1:colcon.colcon_core.package_discovery:discover_packages(path) check parameters
[0.865s] Level 1:colcon.colcon_core.package_discovery:discover_packages(colcon_meta) discover
[0.865s] Level 1:colcon.colcon_core.package_discovery:discover_packages(recursive) discover
[0.865s] INFO:colcon.colcon_core.package_discovery:Crawling recursively for packages in '/home/shmk/auvc_ws/src/intro_to_ros'
[0.866s] Level 1:colcon.colcon_core.package_identification:_identify(.) by extensions ['ignore', 'ignore_ament_install']
[0.866s] Level 1:colcon.colcon_core.package_identification:_identify(.) by extension 'ignore'
[0.867s] Level 1:colcon.colcon_core.package_identification:_identify(.) by extension 'ignore_ament_install'
[0.867s] Level 1:colcon.colcon_core.package_identification:_identify(.) by extensions ['colcon_pkg']
[0.867s] Level 1:colcon.colcon_core.package_identification:_identify(.) by extension 'colcon_pkg'
[0.867s] Level 1:colcon.colcon_core.package_identification:_identify(.) by extensions ['colcon_meta']
[0.867s] Level 1:colcon.colcon_core.package_identification:_identify(.) by extension 'colcon_meta'
[0.867s] Level 1:colcon.colcon_core.package_identification:_identify(.) by extensions ['ros']
[0.868s] Level 1:colcon.colcon_core.package_identification:_identify(.) by extension 'ros'
[1.013s] DEBUG:colcon.colcon_core.package_identification:Failed to parse potential ROS package manifest in'.': Error(s) in package './package.xml':
The manifest contains invalid XML:
mismatched tag: line 12, column 29
[1.014s] Level 1:colcon.colcon_core.package_identification:_identify(.) by extensions ['cmake', 'python']
[1.014s] Level 1:colcon.colcon_core.package_identification:_identify(.) by extension 'cmake'
[1.014s] Level 1:colcon.colcon_core.package_identification:_identify(.) by extension 'python'
[1.015s] DEBUG:colcon.colcon_core.package_identification:Python package in '.' passes arguments to the setup() function which requires a different identification extension than 'python'
[1.015s] Level 1:colcon.colcon_core.package_identification:_identify(.) by extensions ['python_setup_py']
[1.015s] Level 1:colcon.colcon_core.package_identification:_identify(.) by extension 'python_setup_py'
[2.102s] DEBUG:colcon.colcon_core.package_identification:Package '.' with type 'python' and name 'intro_to_ros'
[2.102s] Level 1:colcon.colcon_core.package_discovery:discover_packages(recursive) using defaults
[2.102s] Level 1:colcon.colcon_core.package_discovery:discover_packages(ignore) discover
[2.103s] Level 1:colcon.colcon_core.package_discovery:discover_packages(ignore) using defaults
[2.103s] Level 1:colcon.colcon_core.package_discovery:discover_packages(path) discover
[2.103s] Level 1:colcon.colcon_core.package_discovery:discover_packages(path) using defaults
[2.196s] Level 1:colcon.colcon_core.package_discovery:discover_packages(prefix_path) check parameters
[2.196s] Level 1:colcon.colcon_core.package_discovery:discover_packages(prefix_path) discover
[2.209s] DEBUG:colcon.colcon_installed_package_information.package_discovery:Found 1 installed packages in /home/shmk/auvc_ws/install
[2.220s] DEBUG:colcon.colcon_installed_package_information.package_discovery:Found 257 installed packages in /opt/ros/jazzy
[2.223s] Level 1:colcon.colcon_core.package_discovery:discover_packages(prefix_path) using defaults
[2.387s] Level 5:colcon.colcon_core.verb:set package 'intro_to_ros' build argument 'cmake_args' from command line to 'None'
[2.387s] Level 5:colcon.colcon_core.verb:set package 'intro_to_ros' build argument 'cmake_target' from command line to 'None'
[2.387s] Level 5:colcon.colcon_core.verb:set package 'intro_to_ros' build argument 'cmake_target_skip_unavailable' from command line to 'False'
[2.387s] Level 5:colcon.colcon_core.verb:set package 'intro_to_ros' build argument 'cmake_clean_cache' from command line to 'False'
[2.387s] Level 5:colcon.colcon_core.verb:set package 'intro_to_ros' build argument 'cmake_clean_first' from command line to 'False'
[2.387s] Level 5:colcon.colcon_core.verb:set package 'intro_to_ros' build argument 'cmake_force_configure' from command line to 'False'
[2.387s] Level 5:colcon.colcon_core.verb:set package 'intro_to_ros' build argument 'ament_cmake_args' from command line to 'None'
[2.388s] Level 5:colcon.colcon_core.verb:set package 'intro_to_ros' build argument 'catkin_cmake_args' from command line to 'None'
[2.388s] Level 5:colcon.colcon_core.verb:set package 'intro_to_ros' build argument 'catkin_skip_building_tests' from command line to 'False'
[2.388s] DEBUG:colcon.colcon_core.verb:Building package 'intro_to_ros' with the following arguments: {'ament_cmake_args': None, 'build_base': '/home/shmk/auvc_ws/src/intro_to_ros/build/intro_to_ros', 'catkin_cmake_args': None, 'catkin_skip_building_tests': False, 'cmake_args': None, 'cmake_clean_cache': False, 'cmake_clean_first': False, 'cmake_force_configure': False, 'cmake_target': None, 'cmake_target_skip_unavailable': False, 'install_base': '/home/shmk/auvc_ws/src/intro_to_ros/install/intro_to_ros', 'merge_install': False, 'path': '/home/shmk/auvc_ws/src/intro_to_ros', 'symlink_install': True, 'test_result_base': None}
[2.388s] INFO:colcon.colcon_core.executor:Executing jobs using 'parallel' executor
[2.391s] DEBUG:colcon.colcon_parallel_executor.executor.parallel:run_until_complete
[2.392s] INFO:colcon.colcon_core.task.python.build:Building Python package in '/home/shmk/auvc_ws/src/intro_to_ros'
[2.407s] INFO:colcon.colcon_core.plugin_system:Skipping extension 'colcon_core.shell.bat': Not used on non-Windows systems
[2.407s] INFO:colcon.colcon_core.shell:Skip shell extension 'powershell' for command environment: Not usable outside of PowerShell
[2.408s] DEBUG:colcon.colcon_core.shell:Skip shell extension 'dsv' for command environment
[7.189s] DEBUG:colcon.colcon_core.event_handler.log_command:Invoking command in '/home/shmk/auvc_ws/src/intro_to_ros/build/intro_to_ros': PYTHONPATH=/home/shmk/auvc_ws/src/intro_to_ros/build/intro_to_ros/prefix_override:/usr/lib/python3/dist-packages/colcon_core/task/python/colcon_distutils_commands:/home/shmk/auvc_ws/src/intro_to_ros/install/intro_to_ros/lib/python3.12/site-packages:${PYTHONPATH} /usr/bin/python3 -W ignore:setup.py install is deprecated setup.py develop --editable --build-directory /home/shmk/auvc_ws/src/intro_to_ros/build/intro_to_ros/build --no-deps symlink_data
[13.442s] Level 1:colcon.colcon_core.shell:create_environment_hook('intro_to_ros', 'pythonpath_develop')
[13.443s] INFO:colcon.colcon_core.shell:Creating environment hook '/home/shmk/auvc_ws/src/intro_to_ros/build/intro_to_ros/share/intro_to_ros/hook/pythonpath_develop.ps1'
[13.447s] DEBUG:colcon.colcon_core.event_handler.log_command:Invoked command in '/home/shmk/auvc_ws/src/intro_to_ros/build/intro_to_ros' returned '0': PYTHONPATH=/home/shmk/auvc_ws/src/intro_to_ros/build/intro_to_ros/prefix_override:/usr/lib/python3/dist-packages/colcon_core/task/python/colcon_distutils_commands:/home/shmk/auvc_ws/src/intro_to_ros/install/intro_to_ros/lib/python3.12/site-packages:${PYTHONPATH} /usr/bin/python3 -W ignore:setup.py install is deprecated setup.py develop --editable --build-directory /home/shmk/auvc_ws/src/intro_to_ros/build/intro_to_ros/build --no-deps symlink_data
[13.453s] INFO:colcon.colcon_core.shell:Creating environment descriptor '/home/shmk/auvc_ws/src/intro_to_ros/build/intro_to_ros/share/intro_to_ros/hook/pythonpath_develop.dsv'
[13.456s] INFO:colcon.colcon_core.shell:Creating environment hook '/home/shmk/auvc_ws/src/intro_to_ros/build/intro_to_ros/share/intro_to_ros/hook/pythonpath_develop.sh'
[13.484s] Level 1:colcon.colcon_core.environment:checking '/home/shmk/auvc_ws/src/intro_to_ros/install/intro_to_ros' for CMake module files
[13.487s] Level 1:colcon.colcon_core.environment:checking '/home/shmk/auvc_ws/src/intro_to_ros/install/intro_to_ros' for CMake config files
[13.491s] Level 1:colcon.colcon_core.environment:checking '/home/shmk/auvc_ws/src/intro_to_ros/install/intro_to_ros/lib'
[13.492s] Level 1:colcon.colcon_core.environment:checking '/home/shmk/auvc_ws/src/intro_to_ros/install/intro_to_ros/bin'
[13.492s] Level 1:colcon.colcon_core.environment:checking '/home/shmk/auvc_ws/src/intro_to_ros/install/intro_to_ros/lib/pkgconfig/intro_to_ros.pc'
[13.493s] Level 1:colcon.colcon_core.environment:checking '/home/shmk/auvc_ws/src/intro_to_ros/install/intro_to_ros/lib/python3.12/site-packages'
[13.494s] Level 1:colcon.colcon_core.shell:create_environment_hook('intro_to_ros', 'pythonpath')
[13.495s] INFO:colcon.colcon_core.shell:Creating environment hook '/home/shmk/auvc_ws/src/intro_to_ros/install/intro_to_ros/share/intro_to_ros/hook/pythonpath.ps1'
[13.498s] INFO:colcon.colcon_core.shell:Creating environment descriptor '/home/shmk/auvc_ws/src/intro_to_ros/install/intro_to_ros/share/intro_to_ros/hook/pythonpath.dsv'
[13.500s] INFO:colcon.colcon_core.shell:Creating environment hook '/home/shmk/auvc_ws/src/intro_to_ros/install/intro_to_ros/share/intro_to_ros/hook/pythonpath.sh'
[13.503s] Level 1:colcon.colcon_core.environment:checking '/home/shmk/auvc_ws/src/intro_to_ros/install/intro_to_ros/bin'
[13.503s] Level 1:colcon.colcon_core.environment:create_environment_scripts_only(intro_to_ros)
[13.504s] INFO:colcon.colcon_core.shell:Creating package script '/home/shmk/auvc_ws/src/intro_to_ros/install/intro_to_ros/share/intro_to_ros/package.ps1'
[13.509s] INFO:colcon.colcon_core.shell:Creating package descriptor '/home/shmk/auvc_ws/src/intro_to_ros/install/intro_to_ros/share/intro_to_ros/package.dsv'
[13.512s] INFO:colcon.colcon_core.shell:Creating package script '/home/shmk/auvc_ws/src/intro_to_ros/install/intro_to_ros/share/intro_to_ros/package.sh'
[13.516s] INFO:colcon.colcon_core.shell:Creating package script '/home/shmk/auvc_ws/src/intro_to_ros/install/intro_to_ros/share/intro_to_ros/package.bash'
[13.520s] INFO:colcon.colcon_core.shell:Creating package script '/home/shmk/auvc_ws/src/intro_to_ros/install/intro_to_ros/share/intro_to_ros/package.zsh'
[13.524s] Level 1:colcon.colcon_core.environment:create_file_with_runtime_dependencies(/home/shmk/auvc_ws/src/intro_to_ros/install/intro_to_ros/share/colcon-core/packages/intro_to_ros)
[13.526s] DEBUG:colcon.colcon_parallel_executor.executor.parallel:closing loop
[13.528s] DEBUG:colcon.colcon_parallel_executor.executor.parallel:loop closed
[13.529s] DEBUG:colcon.colcon_parallel_executor.executor.parallel:run_until_complete finished with '0'
[13.529s] DEBUG:colcon.colcon_core.event_reactor:joining thread
[13.583s] INFO:colcon.colcon_core.plugin_system:Skipping extension 'colcon_notification.desktop_notification.notify_send': Could not find 'notify-send'
[13.584s] INFO:colcon.colcon_core.plugin_system:Skipping extension 'colcon_notification.desktop_notification.terminal_notifier': Not used on non-Darwin systems
[13.585s] INFO:colcon.colcon_core.plugin_system:Skipping extension 'colcon_notification.desktop_notification.win32': Not used on non-Windows systems
[13.585s] INFO:colcon.colcon_notification.desktop_notification:Sending desktop notification using 'notify2'
[13.665s] DEBUG:colcon.colcon_notification.desktop_notification.notify2:Failed to initialize notify2: org.freedesktop.DBus.Error.ServiceUnknown: The name org.freedesktop.Notifications was not provided by any .service files
[13.668s] DEBUG:colcon.colcon_core.event_reactor:joined thread
[13.669s] INFO:colcon.colcon_core.shell:Creating prefix script '/home/shmk/auvc_ws/src/intro_to_ros/install/local_setup.ps1'
[13.675s] INFO:colcon.colcon_core.shell:Creating prefix util module '/home/shmk/auvc_ws/src/intro_to_ros/install/_local_setup_util_ps1.py'
[13.683s] INFO:colcon.colcon_core.shell:Creating prefix chain script '/home/shmk/auvc_ws/src/intro_to_ros/install/setup.ps1'
[13.691s] INFO:colcon.colcon_core.shell:Creating prefix script '/home/shmk/auvc_ws/src/intro_to_ros/install/local_setup.sh'
[13.694s] INFO:colcon.colcon_core.shell:Creating prefix util module '/home/shmk/auvc_ws/src/intro_to_ros/install/_local_setup_util_sh.py'
[13.699s] INFO:colcon.colcon_core.shell:Creating prefix chain script '/home/shmk/auvc_ws/src/intro_to_ros/install/setup.sh'
[13.704s] INFO:colcon.colcon_core.shell:Creating prefix script '/home/shmk/auvc_ws/src/intro_to_ros/install/local_setup.bash'
[13.706s] INFO:colcon.colcon_core.shell:Creating prefix chain script '/home/shmk/auvc_ws/src/intro_to_ros/install/setup.bash'
[13.711s] INFO:colcon.colcon_core.shell:Creating prefix script '/home/shmk/auvc_ws/src/intro_to_ros/install/local_setup.zsh'
[13.714s] INFO:colcon.colcon_core.shell:Creating prefix chain script '/home/shmk/auvc_ws/src/intro_to_ros/install/setup.zsh'
